1617262366010	geckodriver	INFO	Listening on 127.0.0.1:58375
1617262366016	mozrunner::runner	INFO	Running command: "/usr/bin/firefox" "--marionette" "-foreground" "-no-remote" "-profile" "/tmp/rust_mozprofileWYwyME"
console.warn: SearchSettings: "get: No settings file exists, new profile?" (new Error("", "(unknown module)"))
1617262372245	Marionette	INFO	Listening on port 35403
1617262372361	Marionette	WARN	TLS certificate errors will be ignored for this session
console.log: WebExtensions: reset-default-search: No addons in our list are installed.
1617262792978	Marionette	INFO	Stopped listening on port 35403
1617273660826	geckodriver	INFO	Listening on 127.0.0.1:53207
1617273661834	mozrunner::runner	INFO	Running command: "/usr/bin/firefox" "--marionette" "-foreground" "-no-remote" "-profile" "/tmp/rust_mozprofileu8CN0G"
console.warn: SearchSettings: "get: No settings file exists, new profile?" (new Error("", "(unknown module)"))
1617273670852	Marionette	INFO	Listening on port 36191
1617273670987	Marionette	WARN	TLS certificate errors will be ignored for this session
1617273690583	Marionette	INFO	Stopped listening on port 36191
1617273709984	geckodriver	INFO	Listening on 127.0.0.1:43651
1617273710990	mozrunner::runner	INFO	Running command: "/usr/bin/firefox" "--marionette" "-foreground" "-no-remote" "-profile" "/tmp/rust_mozprofilei2Yhli"
console.warn: SearchSettings: "get: No settings file exists, new profile?" (new Error("", "(unknown module)"))
1617273720553	Marionette	INFO	Listening on port 37673
1617273720694	Marionette	WARN	TLS certificate errors will be ignored for this session
1617273767612	Marionette	INFO	Stopped listening on port 37673

###!!! [Parent][RunMessage] Error: Channel closing: too late to send/recv, messages will be lost

1617273769206	geckodriver	INFO	Listening on 127.0.0.1:36959
1617273769226	mozrunner::runner	INFO	Running command: "/usr/bin/firefox" "--marionette" "-foreground" "-no-remote" "-profile" "/tmp/rust_mozprofileBozAgh"
console.warn: SearchSettings: "get: No settings file exists, new profile?" (new Error("", "(unknown module)"))
1617273778657	Marionette	INFO	Listening on port 37513
1617273778769	Marionette	WARN	TLS certificate errors will be ignored for this session

###!!! [Child][RunMessage] Error: Channel closing: too late to send/recv, messages will be lost


###!!! [Child][RunMessage] Error: Channel closing: too late to send/recv, messages will be lost


###!!! [Child][RunMessage] Error: Channel closing: too late to send/recv, messages will be lost


###!!! [Child][RunMessage] Error: Channel closing: too late to send/recv, messages will be lost


###!!! [Child][RunMessage] Error: Channel closing: too late to send/recv, messages will be lost


###!!! [Child][RunMessage] Error: Channel closing: too late to send/recv, messages will be lost


###!!! [Child][RunMessage] Error: Channel closing: too late to send/recv, messages will be lost


###!!! [Child][RunMessage] Error: Channel closing: too late to send/recv, messages will be lost


###!!! [Child][RunMessage] Error: Channel closing: too late to send/recv, messages will be lost


###!!! [Child][RunMessage] Error: Channel closing: too late to send/recv, messages will be lost

console.error: services.settings: 
  main/message-groups Signature failed  TypeError: NetworkError when attempting to fetch resource.
console.error: services.settings: 
  main/fxmonitor-breaches Signature failed  TypeError: NetworkError when attempting to fetch resource.
console.error: services.settings: 
  main/partitioning-exempt-urls Signature failed  TypeError: NetworkError when attempting to fetch resource.
1617273784927	Marionette	INFO	Stopped listening on port 37513
1617275043476	geckodriver	INFO	Listening on 127.0.0.1:38529
1617275044481	mozrunner::runner	INFO	Running command: "/usr/bin/firefox" "--marionette" "-foreground" "-no-remote" "-profile" "/tmp/rust_mozprofileodOv4x"
console.warn: SearchSettings: "get: No settings file exists, new profile?" (new Error("", "(unknown module)"))
1617275055037	Marionette	INFO	Listening on port 43203
1617275055404	Marionette	WARN	TLS certificate errors will be ignored for this session
1617275084086	Marionette	INFO	Stopped listening on port 43203

###!!! [Parent][RunMessage] Error: Channel closing: too late to send/recv, messages will be lost

1617275107187	geckodriver	INFO	Listening on 127.0.0.1:46379
1617275108193	mozrunner::runner	INFO	Running command: "/usr/bin/firefox" "--marionette" "-foreground" "-no-remote" "-profile" "/tmp/rust_mozprofilepMuoYa"
console.warn: SearchSettings: "get: No settings file exists, new profile?" (new Error("", "(unknown module)"))
1617275119311	Marionette	INFO	Listening on port 34561
1617275119445	Marionette	WARN	TLS certificate errors will be ignored for this session
1617275260752	Marionette	INFO	Stopped listening on port 34561
1617275336240	geckodriver	INFO	Listening on 127.0.0.1:51927
1617275337245	mozrunner::runner	INFO	Running command: "/usr/bin/firefox" "--marionette" "-foreground" "-no-remote" "-profile" "/tmp/rust_mozprofile6YJm6M"
console.warn: SearchSettings: "get: No settings file exists, new profile?" (new Error("", "(unknown module)"))
1617275348080	Marionette	INFO	Listening on port 35003
1617275348474	Marionette	WARN	TLS certificate errors will be ignored for this session
1617275407604	Marionette	INFO	Stopped listening on port 35003

###!!! [Parent][RunMessage] Error: Channel closing: too late to send/recv, messages will be lost

1617345937775	geckodriver	INFO	Listening on 127.0.0.1:34159
1617345938760	mozrunner::runner	INFO	Running command: "/usr/bin/firefox" "--marionette" "-foreground" "-no-remote" "-profile" "/tmp/rust_mozprofileC4YHgF"
console.warn: SearchSettings: "get: No settings file exists, new profile?" (new Error("", "(unknown module)"))
1617345955742	Marionette	INFO	Listening on port 45463
1617345956083	Marionette	WARN	TLS certificate errors will be ignored for this session
1617345993245	Marionette	INFO	Stopped listening on port 45463

###!!! [Parent][RunMessage] Error: Channel closing: too late to send/recv, messages will be lost

1617346025859	geckodriver	INFO	Listening on 127.0.0.1:60041
1617346025866	mozrunner::runner	INFO	Running command: "/usr/bin/firefox" "--marionette" "-foreground" "-no-remote" "-profile" "/tmp/rust_mozprofileFYgYcB"
console.warn: SearchSettings: "get: No settings file exists, new profile?" (new Error("", "(unknown module)"))
1617346032365	Marionette	INFO	Listening on port 36513
1617346032412	Marionette	WARN	TLS certificate errors will be ignored for this session
1617346131912	Marionette	INFO	Stopped listening on port 36513
1617346377141	geckodriver	INFO	Listening on 127.0.0.1:60381
1617346377147	mozrunner::runner	INFO	Running command: "/usr/bin/firefox" "--marionette" "-foreground" "-no-remote" "-profile" "/tmp/rust_mozprofilerNIKKF"
console.warn: SearchSettings: "get: No settings file exists, new profile?" (new Error("", "(unknown module)"))
1617346384722	Marionette	INFO	Listening on port 44289
1617346384824	Marionette	WARN	TLS certificate errors will be ignored for this session
JavaScript error: resource://gre/actors/AutoCompleteChild.jsm, line 125: Error: Invalid autocomplete selectedIndex
JavaScript error: https://s100.divarcdn.com/statics/2021/03/vendors.9cc835d5.desktop.js, line 1: Error: timeout of 10000ms exceeded
JavaScript error: https://s100.divarcdn.com/statics/2021/03/vendors.9cc835d5.desktop.js, line 1: Error: timeout of 10000ms exceeded
JavaScript error: https://s100.divarcdn.com/statics/2021/03/vendors.9cc835d5.desktop.js, line 1: Error: timeout of 10000ms exceeded
1617346543808	Marionette	INFO	Stopped listening on port 44289
1617698073702	geckodriver	INFO	Listening on 127.0.0.1:43137
1617698074644	mozrunner::runner	INFO	Running command: "/usr/bin/firefox" "--marionette" "-foreground" "-no-remote" "-profile" "/tmp/rust_mozprofilencZQDN"
console.warn: SearchSettings: "get: No settings file exists, new profile?" (new Error("", "(unknown module)"))
1617698092667	Marionette	INFO	Listening on port 42707
1617698093004	Marionette	WARN	TLS certificate errors will be ignored for this session
JavaScript error: resource://gre/actors/AutoCompleteChild.jsm, line 125: Error: Invalid autocomplete selectedIndex
1617698200509	Marionette	INFO	Stopped listening on port 42707
1617699039295	geckodriver	INFO	Listening on 127.0.0.1:34555
1617699039300	mozrunner::runner	INFO	Running command: "/usr/bin/firefox" "--marionette" "-foreground" "-no-remote" "-profile" "/tmp/rust_mozprofile3ezCpF"
console.warn: SearchSettings: "get: No settings file exists, new profile?" (new Error("", "(unknown module)"))
1617699045322	Marionette	INFO	Listening on port 45933
1617699045435	Marionette	WARN	TLS certificate errors will be ignored for this session
1617699085862	Marionette	INFO	Stopped listening on port 45933
1617699102730	geckodriver	INFO	Listening on 127.0.0.1:49363
1617699102737	mozrunner::runner	INFO	Running command: "/usr/bin/firefox" "--marionette" "-foreground" "-no-remote" "-profile" "/tmp/rust_mozprofileiHoy8U"
console.warn: SearchSettings: "get: No settings file exists, new profile?" (new Error("", "(unknown module)"))
1617699108723	Marionette	INFO	Listening on port 46341
1617699108784	Marionette	WARN	TLS certificate errors will be ignored for this session
1617699166937	Marionette	INFO	Stopped listening on port 46341
1617699302002	geckodriver	INFO	Listening on 127.0.0.1:44465
1617699302007	mozrunner::runner	INFO	Running command: "/usr/bin/firefox" "--marionette" "-foreground" "-no-remote" "-profile" "/tmp/rust_mozprofileoQFP8f"
console.warn: SearchSettings: "get: No settings file exists, new profile?" (new Error("", "(unknown module)"))
1617699308183	Marionette	INFO	Listening on port 39977
1617699308246	Marionette	WARN	TLS certificate errors will be ignored for this session
1617699363071	Marionette	INFO	Stopped listening on port 39977
1617699373504	geckodriver	INFO	Listening on 127.0.0.1:50301
1617699373509	mozrunner::runner	INFO	Running command: "/usr/bin/firefox" "--marionette" "-foreground" "-no-remote" "-profile" "/tmp/rust_mozprofilePJ5yT6"
console.warn: SearchSettings: "get: No settings file exists, new profile?" (new Error("", "(unknown module)"))
1617699379487	Marionette	INFO	Listening on port 46569
1617699379551	Marionette	WARN	TLS certificate errors will be ignored for this session
*** UTM:SVC TimerManager:registerTimer called after profile-before-change notification. Ignoring timer registration for id: telemetry_modules_ping
1617699436301	Marionette	INFO	Stopped listening on port 46569

###!!! [Parent][RunMessage] Error: Channel closing: too late to send/recv, messages will be lost

1617699686818	geckodriver	INFO	Listening on 127.0.0.1:51567
1617699686826	mozrunner::runner	INFO	Running command: "/usr/bin/firefox" "--marionette" "-foreground" "-no-remote" "-profile" "/tmp/rust_mozprofileSGHfzu"
console.warn: SearchSettings: "get: No settings file exists, new profile?" (new Error("", "(unknown module)"))
1617699693443	Marionette	INFO	Listening on port 39835
1617699693571	Marionette	WARN	TLS certificate errors will be ignored for this session
1617699753731	geckodriver	INFO	Listening on 127.0.0.1:52461
1617699753736	mozrunner::runner	INFO	Running command: "/usr/bin/firefox" "--marionette" "-foreground" "-no-remote" "-profile" "/tmp/rust_mozprofiletefX7G"
console.warn: SearchSettings: "get: No settings file exists, new profile?" (new Error("", "(unknown module)"))
1617699760740	Marionette	INFO	Listening on port 44037
1617699760781	Marionette	WARN	TLS certificate errors will be ignored for this session
1617699811453	Marionette	INFO	Stopped listening on port 44037
1617699813535	Marionette	INFO	Stopped listening on port 39835
1617699875222	geckodriver	INFO	Listening on 127.0.0.1:52471
1617699875229	mozrunner::runner	INFO	Running command: "/usr/bin/firefox" "--marionette" "-foreground" "-no-remote" "-profile" "/tmp/rust_mozprofilesbE3Vn"
console.warn: SearchSettings: "get: No settings file exists, new profile?" (new Error("", "(unknown module)"))
1617699881276	Marionette	INFO	Listening on port 36403
1617699881367	Marionette	WARN	TLS certificate errors will be ignored for this session
1617699936953	Marionette	INFO	Stopped listening on port 36403
1617700202489	geckodriver	INFO	Listening on 127.0.0.1:54091
1617700202496	mozrunner::runner	INFO	Running command: "/usr/bin/firefox" "--marionette" "-foreground" "-no-remote" "-profile" "/tmp/rust_mozprofileXT9Ccs"
console.warn: SearchSettings: "get: No settings file exists, new profile?" (new Error("", "(unknown module)"))
1617700208779	Marionette	INFO	Listening on port 42619
1617700208850	Marionette	WARN	TLS certificate errors will be ignored for this session
1617700248262	Marionette	INFO	Stopped listening on port 42619
1617700258657	geckodriver	INFO	Listening on 127.0.0.1:53417
1617700258668	mozrunner::runner	INFO	Running command: "/usr/bin/firefox" "--marionette" "-foreground" "-no-remote" "-profile" "/tmp/rust_mozprofileRhHGTR"
console.warn: SearchSettings: "get: No settings file exists, new profile?" (new Error("", "(unknown module)"))
1617700265575	Marionette	INFO	Listening on port 40265
1617700265620	Marionette	WARN	TLS certificate errors will be ignored for this session
1617700322866	Marionette	INFO	Stopped listening on port 40265
1618567886209	geckodriver	INFO	Listening on 127.0.0.1:33031
1618567887144	mozrunner::runner	INFO	Running command: "/usr/bin/firefox" "--marionette" "-foreground" "-no-remote" "-profile" "/tmp/rust_mozprofileMbjIcQ"
console.warn: SearchSettings: "get: No settings file exists, new profile?" (new Error("", "(unknown module)"))
1618567894917	Marionette	INFO	Listening on port 42243
1618567895186	Marionette	WARN	TLS certificate errors will be ignored for this session
console.error: Region.jsm: "Error fetching region" (new Error("TIMEOUT", "resource://gre/modules/Region.jsm", 772))
console.error: Region.jsm: "Failed to fetch region" (new Error("TIMEOUT", "resource://gre/modules/Region.jsm", 419))
JavaScript error: https://s100.divarcdn.com/statics/2021/04/vendors.3696d559.desktop.js, line 1: Error: timeout of 10000ms exceeded
1618567983254	Marionette	INFO	Stopped listening on port 42243
1618568007801	geckodriver	INFO	Listening on 127.0.0.1:46473
1618568007806	mozrunner::runner	INFO	Running command: "/usr/bin/firefox" "--marionette" "-foreground" "-no-remote" "-profile" "/tmp/rust_mozprofilenRVolZ"
console.warn: SearchSettings: "get: No settings file exists, new profile?" (new Error("", "(unknown module)"))
1618568015212	Marionette	INFO	Listening on port 36535
1618568015257	Marionette	WARN	TLS certificate errors will be ignored for this session
console.error: Region.jsm: "Error fetching region" (new Error("TIMEOUT", "resource://gre/modules/Region.jsm", 772))
console.error: Region.jsm: "Failed to fetch region" (new Error("TIMEOUT", "resource://gre/modules/Region.jsm", 419))
JavaScript error: https://s100.divarcdn.com/statics/2021/04/vendors.3696d559.desktop.js, line 1: Error: timeout of 10000ms exceeded
1618568083809	Marionette	INFO	Stopped listening on port 36535
1618568112782	geckodriver	INFO	Listening on 127.0.0.1:43087
1618568112798	mozrunner::runner	INFO	Running command: "/usr/bin/firefox" "--marionette" "-foreground" "-no-remote" "-profile" "/tmp/rust_mozprofile8iIwW5"
console.warn: SearchSettings: "get: No settings file exists, new profile?" (new Error("", "(unknown module)"))
1618568122077	Marionette	INFO	Listening on port 37707
1618568122148	Marionette	WARN	TLS certificate errors will be ignored for this session
console.error: Region.jsm: "Error fetching region" (new Error("TIMEOUT", "resource://gre/modules/Region.jsm", 772))
console.error: Region.jsm: "Failed to fetch region" (new Error("TIMEOUT", "resource://gre/modules/Region.jsm", 419))
JavaScript error: https://s100.divarcdn.com/statics/2021/04/vendors.3696d559.desktop.js, line 1: Error: timeout of 10000ms exceeded
JavaScript error: https://s100.divarcdn.com/statics/2021/04/vendors.3696d559.desktop.js, line 1: Error: timeout of 10000ms exceeded
console.error: services.settings: 
DOMException
  - prototype DOMException
    - ABORT_ERR = 20
    - DATA_CLONE_ERR = 25
    - DOMSTRING_SIZE_ERR = 2
    - HIERARCHY_REQUEST_ERR = 3
    - INDEX_SIZE_ERR = 1
    - INUSE_ATTRIBUTE_ERR = 10
    - INVALID_ACCESS_ERR = 15
    - INVALID_CHARACTER_ERR = 5
    - INVALID_MODIFICATION_ERR = 13
    - INVALID_NODE_TYPE_ERR = 24
    - INVALID_STATE_ERR = 11
    - NAMESPACE_ERR = 14
    - NETWORK_ERR = 19
    - NOT_FOUND_ERR = 8
    - NOT_SUPPORTED_ERR = 9
    - NO_DATA_ALLOWED_ERR = 6
    - NO_MODIFICATION_ALLOWED_ERR = 7
    - QUOTA_EXCEEDED_ERR = 22
    - SECURITY_ERR = 18
    - SYNTAX_ERR = 12
    - TIMEOUT_ERR = 23
    - TYPE_MISMATCH_ERR = 17
    - URL_MISMATCH_ERR = 21
    - VALIDATION_ERR = 16
    - WRONG_DOCUMENT_ERR = 4
    - code = 20
    - columnNumber = 0
    - data = null
    - filename = 
    - lineNumber = 0
    - location = null
    - message = The operation was aborted. 
    - name = AbortError
    - result = 2152923156
    - stack = 
  - prototype Error
  - prototype Object
console.warn: services.settings: security-state/cert-revocations sync interrupted by shutdown
console.warn: services.settings: blocklists/addons-bloomfilters sync interrupted by shutdown
1618568435936	Marionette	INFO	Stopped listening on port 37707

###!!! [Parent][RunMessage] Error: Channel closing: too late to send/recv, messages will be lost

1628158522664	geckodriver	INFO	Listening on 127.0.0.1:37913
1628158522669	mozrunner::runner	INFO	Running command: "/usr/bin/firefox" "--marionette" "-foreground" "-no-remote" "-profile" "/tmp/rust_mozprofile2mByDs"
1628158523399	Marionette	INFO	Marionette enabled
console.info: MINT: Trying to use the system region (based on LANG).
console.info: MINT: System region is US
console.warn: SearchSettings: "get: No settings file exists, new profile?" (new NotFoundError("Could not open the file at /tmp/rust_mozprofile2mByDs/search.json.mozlz4", (void 0)))
console.info: MINT: Loading search-config defaults.
JavaScript error: resource://gre/modules/TelemetryUtils.jsm, line 154: TypeError: date is undefined
1628158525340	Marionette	INFO	Listening on port 44525
1628158525415	Marionette	WARN	TLS certificate errors will be ignored for this session
console.error: services.settings: 
  main/doh-providers Signature failed  InvalidSignatureError: Invalid content signature (main/doh-providers)
console.error: services.settings: 
  main/doh-providers local data was corrupted
console.warn: services.settings: main/doh-providers Signature verified failed. Retry from scratch
console.error: services.settings: 
  main/doh-config Signature failed  InvalidSignatureError: Invalid content signature (main/doh-config)
console.error: services.settings: 
  main/doh-config local data was corrupted
console.warn: services.settings: main/doh-config Signature verified failed. Retry from scratch
console.info: MINT: main/search-config update being skipped
Exiting due to channel error.
Exiting due to channel error.
Exiting due to channel error.
1628159100013	geckodriver	INFO	Listening on 127.0.0.1:50579
1628159100020	mozrunner::runner	INFO	Running command: "/usr/bin/firefox" "--marionette" "-foreground" "-no-remote" "-profile" "/tmp/rust_mozprofileosAzCG"
1628159100862	Marionette	INFO	Marionette enabled
console.info: MINT: Trying to use the system region (based on LANG).
console.info: MINT: System region is US
console.warn: SearchSettings: "get: No settings file exists, new profile?" (new NotFoundError("Could not open the file at /tmp/rust_mozprofileosAzCG/search.json.mozlz4", (void 0)))
console.info: MINT: Loading search-config defaults.
JavaScript error: resource://gre/modules/TelemetryUtils.jsm, line 154: TypeError: date is undefined
1628159103056	Marionette	INFO	Listening on port 42581
1628159103156	Marionette	WARN	TLS certificate errors will be ignored for this session
1628159122424	Marionette	WARN	Ignoring event 'pageshow' because document has an invalid readyState of 'uninitialized'.
1628159123518	Marionette	INFO	Stopped listening on port 42581
1628159465324	geckodriver	INFO	Listening on 127.0.0.1:43443
1628159465333	mozrunner::runner	INFO	Running command: "/usr/bin/firefox" "--marionette" "-foreground" "-no-remote" "-profile" "/tmp/rust_mozprofiledlvXgy"
1628159466332	Marionette	INFO	Marionette enabled
console.info: MINT: Trying to use the system region (based on LANG).
console.info: MINT: System region is US
console.warn: SearchSettings: "get: No settings file exists, new profile?" (new NotFoundError("Could not open the file at /tmp/rust_mozprofiledlvXgy/search.json.mozlz4", (void 0)))
console.info: MINT: Loading search-config defaults.
JavaScript error: resource://gre/modules/TelemetryUtils.jsm, line 154: TypeError: date is undefined
1628159468642	Marionette	INFO	Listening on port 40277
1628159468685	Marionette	WARN	TLS certificate errors will be ignored for this session
1628159488326	Marionette	WARN	Ignoring event 'pageshow' because document has an invalid readyState of 'uninitialized'.
Exiting due to channel error.
Exiting due to channel error.
Exiting due to channel error.
1628159581452	geckodriver	INFO	Listening on 127.0.0.1:35019
1628159581459	mozrunner::runner	INFO	Running command: "/usr/bin/firefox" "--marionette" "-foreground" "-no-remote" "-profile" "/tmp/rust_mozprofileW4WPQP"
1628159582344	Marionette	INFO	Marionette enabled
console.info: MINT: Trying to use the system region (based on LANG).
console.info: MINT: System region is US
console.warn: SearchSettings: "get: No settings file exists, new profile?" (new NotFoundError("Could not open the file at /tmp/rust_mozprofileW4WPQP/search.json.mozlz4", (void 0)))
console.info: MINT: Loading search-config defaults.
JavaScript error: resource://gre/modules/TelemetryUtils.jsm, line 154: TypeError: date is undefined
1628159584656	Marionette	INFO	Listening on port 33433
1628159584707	Marionette	WARN	TLS certificate errors will be ignored for this session
Exiting due to channel error.
Exiting due to channel error.
Exiting due to channel error.
1628159703312	geckodriver	INFO	Listening on 127.0.0.1:45909
1628159703317	mozrunner::runner	INFO	Running command: "/usr/bin/firefox" "--marionette" "-foreground" "-no-remote" "-profile" "/tmp/rust_mozprofile9ReDNy"
1628159704112	Marionette	INFO	Marionette enabled
console.info: MINT: Trying to use the system region (based on LANG).
console.info: MINT: System region is US
console.warn: SearchSettings: "get: No settings file exists, new profile?" (new NotFoundError("Could not open the file at /tmp/rust_mozprofile9ReDNy/search.json.mozlz4", (void 0)))
console.info: MINT: Loading search-config defaults.
JavaScript error: resource://gre/modules/TelemetryUtils.jsm, line 154: TypeError: date is undefined
1628159706301	Marionette	INFO	Listening on port 42165
1628159706352	Marionette	WARN	TLS certificate errors will be ignored for this session
console.error: (new TypeError("parent is null", "resource://devtools/client/inspector/shared/style-change-tracker.js", 67))
TypeError: parent is null: canMutationImpactCurrentStyles@resource://devtools/client/inspector/shared/style-change-tracker.js:67:24
onMutations@resource://devtools/client/inspector/shared/style-change-tracker.js:84:41
_emit@resource://devtools/shared/event-emitter.js:226:34
emit@resource://devtools/shared/event-emitter.js:172:18
emit@resource://devtools/shared/event-emitter.js:324:18
getMutations@resource://devtools/client/fronts/walker.js:311:10

console.error: "Error while calling actor 'pagestyle's method 'getApplied'" "node is null"
console.error: (new TypeError("node is null", "resource://devtools/server/actors/page-style.js", 570))
console.error: (new Error("Protocol error (TypeError): node is null from: server0.conn0.child4/pagestyle25 (resource://devtools/server/actors/page-style.js:570:5)", "resource://devtools/shared/protocol/Front.js", 365))
1628159891335	geckodriver	INFO	Listening on 127.0.0.1:49991
1628159891341	mozrunner::runner	INFO	Running command: "/usr/bin/firefox" "--marionette" "-foreground" "-no-remote" "-profile" "/tmp/rust_mozprofilekJQm24"
1628159892134	Marionette	INFO	Marionette enabled
console.info: MINT: Trying to use the system region (based on LANG).
console.info: MINT: System region is US
console.warn: SearchSettings: "get: No settings file exists, new profile?" (new NotFoundError("Could not open the file at /tmp/rust_mozprofilekJQm24/search.json.mozlz4", (void 0)))
console.info: MINT: Loading search-config defaults.
JavaScript error: resource://gre/modules/TelemetryUtils.jsm, line 154: TypeError: date is undefined
1628159894633	Marionette	INFO	Listening on port 46027
1628159894699	Marionette	WARN	TLS certificate errors will be ignored for this session
console.error: services.settings: 
  main/doh-providers Signature failed  InvalidSignatureError: Invalid content signature (main/doh-providers)
console.error: services.settings: 
  main/doh-providers local data was corrupted
console.warn: services.settings: main/doh-providers Signature verified failed. Retry from scratch
console.error: services.settings: 
  main/doh-config Signature failed  InvalidSignatureError: Invalid content signature (main/doh-config)
console.error: services.settings: 
  main/doh-config local data was corrupted
console.warn: services.settings: main/doh-config Signature verified failed. Retry from scratch
console.info: MINT: main/search-config update being skipped
1628160000029	Marionette	INFO	Stopped listening on port 46027
1628160002489	Marionette	INFO	Stopped listening on port 42165

###!!! [Parent][RunMessage] Error: Channel closing: too late to send/recv, messages will be lost

1628160004907	geckodriver	INFO	Listening on 127.0.0.1:46253
1628160004912	mozrunner::runner	INFO	Running command: "/usr/bin/firefox" "--marionette" "-foreground" "-no-remote" "-profile" "/tmp/rust_mozprofileE1mHJT"
1628160005748	Marionette	INFO	Marionette enabled
console.info: MINT: Trying to use the system region (based on LANG).
console.info: MINT: System region is US
console.warn: SearchSettings: "get: No settings file exists, new profile?" (new NotFoundError("Could not open the file at /tmp/rust_mozprofileE1mHJT/search.json.mozlz4", (void 0)))
console.info: MINT: Loading search-config defaults.
JavaScript error: resource://gre/modules/TelemetryUtils.jsm, line 154: TypeError: date is undefined
1628160007922	Marionette	INFO	Listening on port 38503
1628160008009	Marionette	WARN	TLS certificate errors will be ignored for this session
console.error: services.settings: 
  main/doh-providers Signature failed  InvalidSignatureError: Invalid content signature (main/doh-providers)
console.error: services.settings: 
  main/doh-providers local data was corrupted
console.warn: services.settings: main/doh-providers Signature verified failed. Retry from scratch
console.error: services.settings: 
  main/doh-config Signature failed  InvalidSignatureError: Invalid content signature (main/doh-config)
console.error: services.settings: 
  main/doh-config local data was corrupted
console.warn: services.settings: main/doh-config Signature verified failed. Retry from scratch
console.info: MINT: main/search-config update being skipped
console.log: WebExtensions: reset-default-search: starting.
console.log: WebExtensions: reset-default-search: No addons in our list are installed.
1628166466891	geckodriver	INFO	Listening on 127.0.0.1:53905
1628166466901	mozrunner::runner	INFO	Running command: "/usr/bin/firefox" "--marionette" "-foreground" "-no-remote" "-profile" "/tmp/rust_mozprofileg9ZGJr"
1628166467700	Marionette	INFO	Marionette enabled
console.info: MINT: Trying to use the system region (based on LANG).
console.info: MINT: System region is US
console.warn: SearchSettings: "get: No settings file exists, new profile?" (new NotFoundError("Could not open the file at /tmp/rust_mozprofileg9ZGJr/search.json.mozlz4", (void 0)))
console.info: MINT: Loading search-config defaults.
JavaScript error: resource://gre/modules/TelemetryUtils.jsm, line 154: TypeError: date is undefined
1628166470101	Marionette	INFO	Listening on port 34789
1628166470189	Marionette	WARN	TLS certificate errors will be ignored for this session
1628166550216	Marionette	INFO	Stopped listening on port 38503
1628166552082	Marionette	INFO	Stopped listening on port 34789
1628166725915	geckodriver	INFO	Listening on 127.0.0.1:33623
1628166725923	mozrunner::runner	INFO	Running command: "/usr/bin/firefox" "--marionette" "-foreground" "-no-remote" "-profile" "/tmp/rust_mozprofileTgVNyZ"
1628166726781	Marionette	INFO	Marionette enabled
console.info: MINT: Trying to use the system region (based on LANG).
console.info: MINT: System region is US
console.warn: SearchSettings: "get: No settings file exists, new profile?" (new NotFoundError("Could not open the file at /tmp/rust_mozprofileTgVNyZ/search.json.mozlz4", (void 0)))
console.info: MINT: Loading search-config defaults.
JavaScript error: resource://gre/modules/TelemetryUtils.jsm, line 154: TypeError: date is undefined
1628166729044	Marionette	INFO	Listening on port 39685
1628166729161	Marionette	WARN	TLS certificate errors will be ignored for this session
Exiting due to channel error.
Exiting due to channel error.
Exiting due to channel error.
1628166826913	geckodriver	INFO	Listening on 127.0.0.1:46157
1628166826918	mozrunner::runner	INFO	Running command: "/usr/bin/firefox" "--marionette" "-foreground" "-no-remote" "-profile" "/tmp/rust_mozprofileSrJu5W"
1628166827708	Marionette	INFO	Marionette enabled
console.info: MINT: Trying to use the system region (based on LANG).
console.info: MINT: System region is US
console.warn: SearchSettings: "get: No settings file exists, new profile?" (new NotFoundError("Could not open the file at /tmp/rust_mozprofileSrJu5W/search.json.mozlz4", (void 0)))
console.info: MINT: Loading search-config defaults.
JavaScript error: resource://gre/modules/TelemetryUtils.jsm, line 154: TypeError: date is undefined
1628166830000	Marionette	INFO	Listening on port 33745
1628166830090	Marionette	WARN	TLS certificate errors will be ignored for this session
Exiting due to channel error.
Exiting due to channel error.
Exiting due to channel error.
1628166904879	geckodriver	INFO	Listening on 127.0.0.1:41427
1628166904885	mozrunner::runner	INFO	Running command: "/usr/bin/firefox" "--marionette" "-foreground" "-no-remote" "-profile" "/tmp/rust_mozprofile6J4wdJ"
1628166905706	Marionette	INFO	Marionette enabled
console.info: MINT: Trying to use the system region (based on LANG).
console.info: MINT: System region is US
console.warn: SearchSettings: "get: No settings file exists, new profile?" (new NotFoundError("Could not open the file at /tmp/rust_mozprofile6J4wdJ/search.json.mozlz4", (void 0)))
console.info: MINT: Loading search-config defaults.
JavaScript error: resource://gre/modules/TelemetryUtils.jsm, line 154: TypeError: date is undefined
1628166907682	Marionette	INFO	Listening on port 33457
1628166907751	Marionette	WARN	TLS certificate errors will be ignored for this session
Exiting due to channel error.
Exiting due to channel error.
Exiting due to channel error.
1628166977575	geckodriver	INFO	Listening on 127.0.0.1:46383
1628166977580	mozrunner::runner	INFO	Running command: "/usr/bin/firefox" "--marionette" "-foreground" "-no-remote" "-profile" "/tmp/rust_mozprofileMfVBcL"
1628166978456	Marionette	INFO	Marionette enabled
console.info: MINT: Trying to use the system region (based on LANG).
console.info: MINT: System region is US
console.warn: SearchSettings: "get: No settings file exists, new profile?" (new NotFoundError("Could not open the file at /tmp/rust_mozprofileMfVBcL/search.json.mozlz4", (void 0)))
console.info: MINT: Loading search-config defaults.
JavaScript error: resource://gre/modules/TelemetryUtils.jsm, line 154: TypeError: date is undefined
1628166980803	Marionette	INFO	Listening on port 46533
1628166980921	Marionette	WARN	TLS certificate errors will be ignored for this session
1628167119673	Marionette	INFO	Stopped listening on port 46533
1628167149817	geckodriver	INFO	Listening on 127.0.0.1:55945
1628167149827	mozrunner::runner	INFO	Running command: "/usr/bin/firefox" "--marionette" "-foreground" "-no-remote" "-profile" "/tmp/rust_mozprofileZBte6r"
1628167150688	Marionette	INFO	Marionette enabled
console.info: MINT: Trying to use the system region (based on LANG).
console.info: MINT: System region is US
console.warn: SearchSettings: "get: No settings file exists, new profile?" (new NotFoundError("Could not open the file at /tmp/rust_mozprofileZBte6r/search.json.mozlz4", (void 0)))
console.info: MINT: Loading search-config defaults.
JavaScript error: resource://gre/modules/TelemetryUtils.jsm, line 154: TypeError: date is undefined
1628167153009	Marionette	INFO	Listening on port 43969
1628167153099	Marionette	WARN	TLS certificate errors will be ignored for this session
console.error: services.settings: 
  main/doh-providers Signature failed  InvalidSignatureError: Invalid content signature (main/doh-providers)
console.error: services.settings: 
  main/doh-providers local data was corrupted
console.warn: services.settings: main/doh-providers Signature verified failed. Retry from scratch
console.error: services.settings: 
  main/doh-config Signature failed  InvalidSignatureError: Invalid content signature (main/doh-config)
console.error: services.settings: 
  main/doh-config local data was corrupted
console.warn: services.settings: main/doh-config Signature verified failed. Retry from scratch
console.info: MINT: main/search-config update being skipped
console.log: WebExtensions: reset-default-search: starting.
console.log: WebExtensions: reset-default-search: No addons in our list are installed.

###!!! [Child][RunMessage] Error: Channel closing: too late to send/recv, messages will be lost

1628168078473	Marionette	INFO	Stopped listening on port 43969

###!!! [Parent][RunMessage] Error: Channel closing: too late to send/recv, messages will be lost

